#
# A fatal error has been detected by the Java Runtime Environment:
#
#  SIGSEGV (0xb) at pc=0x00007fff8b87d0fb, pid=1557, tid=15883
#
# JRE version: 7.0_17-b02
# Java VM: Java HotSpot(TM) 64-Bit Server VM (23.7-b01 mixed mode bsd-amd64 compressed oops)
# Problematic frame:
# C  [libGL.dylib+0x20fb]  glGetString+0xf
#
# Failed to write core dump. Core dumps have been disabled. To enable core dumping, try "ulimit -c unlimited" before starting Java again
#
# If you would like to submit a bug report, please visit:
#   http://bugreport.sun.com/bugreport/crash.jsp
# The crash happened outside the Java Virtual Machine in native code.
# See problematic frame for where to report the bug.
#

---------------  T H R E A D  ---------------

Current thread (0x00007f8244069000):  JavaThread "Java2D Queue Flusher" daemon [_thread_in_native, id=15883, stack(0x000000013a5e2000,0x000000013a6e2000)]

siginfo:si_signo=SIGSEGV: si_errno=0, si_code=1 (SEGV_MAPERR), si_addr=0x00000000000003b0

Registers:
RAX=0x0000000000000000, RBX=0x0000000136cc08f0, RCX=0x0000000000000000, RDX=0x0000000000000008
RSP=0x000000013a6e1910, RBP=0x000000013a6e1910, RSI=0x0000000000001f00, RDI=0x0000000000001f00
R8 =0x8000000000000000, R9 =0x00000000000008ba, R10=0x0000000103e96d85, R11=0x0000000103687e1b
R12=0x0000000000000000, R13=0x0000000107467e38, R14=0x000000013a6e19c0, R15=0x00007f8244069000
RIP=0x00007fff8b87d0fb, EFLAGS=0x0000000000010202, ERR=0x0000000000000004
  TRAPNO=0x000000000000000e

Top of Stack: (sp=0x000000013a6e1910)
0x000000013a6e1910:   000000013a6e1950 0000000136c40d7b
0x000000013a6e1920:   00007f82440691d8 0000000107467e38
0x000000013a6e1930:   0000000000000000 0000000107467e38
0x000000013a6e1940:   000000013a6e19c0 00007f8244069000
0x000000013a6e1950:   000000013a6e19a8 0000000103e96db1
0x000000013a6e1960:   0000000103ea7143 000000013a6e1968
0x000000013a6e1970:   0000000107467e38 000000013a6e19c0
0x000000013a6e1980:   000000010746ada0 0000000000000000
0x000000013a6e1990:   0000000107467e38 0000000000000000
0x000000013a6e19a0:   000000013a6e19c8 000000013a6e1a18
0x000000013a6e19b0:   0000000103e853b3 00000001252b34a0
0x000000013a6e19c0:   0000000103e9203b 0000000000000000
0x000000013a6e19d0:   00000001252b2f70 000000013a6e19d8
0x000000013a6e19e0:   000000010746b34d 000000013a6e1a28
0x000000013a6e19f0:   000000010746b680 0000000000000000
0x000000013a6e1a00:   000000010746b358 000000013a6e19c8
0x000000013a6e1a10:   000000013a6e1a28 000000013a6e1a80
0x000000013a6e1a20:   0000000103e85886 00000001252b3620
0x000000013a6e1a30:   0000000000000001 00000001252b32f0
0x000000013a6e1a40:   000000013a6e1a30 0000000107466d97
0x000000013a6e1a50:   000000013a6e1aa8 0000000107467270
0x000000013a6e1a60:   0000000000000000 0000000107466e60
0x000000013a6e1a70:   000000013a6e1a28 000000013a6e1aa8
0x000000013a6e1a80:   000000013a6e1b10 0000000103e7f4f7
0x000000013a6e1a90:   0000000000000000 0000000000000000
0x000000013a6e1aa0:   0000000000000000 00000001252b32f0
0x000000013a6e1ab0:   0000000100001fa0 0000000000000001
0x000000013a6e1ac0:   00007f8244069000 0000000103e7f46f
0x000000013a6e1ad0:   000000000000000a 000000010311c900
0x000000013a6e1ae0:   000000013a6e1b80 000000013a6e1d50
0x000000013a6e1af0:   000000000000000a 0000000107466e60
0x000000013a6e1b00:   0000000103e948e0 000000013a6e1cc0 

Instructions: (pc=0x00007fff8b87d0fb)
0x00007fff8b87d0db:   f0 00 00 00 48 8b 88 a8 03 00 00 48 8b 38 5d ff
0x00007fff8b87d0eb:   e1 55 48 89 e5 89 fe 65 48 8b 04 25 f0 00 00 00
0x00007fff8b87d0fb:   48 8b 88 b0 03 00 00 48 8b 38 5d ff e1 55 48 89
0x00007fff8b87d10b:   e5 48 89 d1 89 f2 89 fe 65 48 8b 04 25 f0 00 00 

Register to memory mapping:

RAX=0x0000000000000000 is an unknown value
RBX=0x0000000136cc08f0: j2d_glGetString+0 in /Library/Java/JavaVirtualMachines/jdk1.7.0_17.jdk/Contents/Home/jre/lib/lwawt/liblwawt.dylib at 0x0000000136c3d000
RCX=0x0000000000000000 is an unknown value
RDX=0x0000000000000008 is an unknown value
RSP=0x000000013a6e1910 is pointing into the stack for thread: 0x00007f8244069000
RBP=0x000000013a6e1910 is pointing into the stack for thread: 0x00007f8244069000
RSI=0x0000000000001f00 is an unknown value
RDI=0x0000000000001f00 is an unknown value
R8 =0x8000000000000000 is an unknown value
R9 =0x00000000000008ba is an unknown value
R10=0x0000000103e96d85 is an Interpreter codelet
method entry point (kind = native)  [0x0000000103e968e0, 0x0000000103e976c0]  3552 bytes
R11=0x0000000103687e1b: throw_unsatisfied_link_error+0 in /Library/Java/JavaVirtualMachines/jdk1.7.0_17.jdk/Contents/Home/jre/lib/server/libjvm.dylib at 0x0000000103283000
R12=0x0000000000000000 is an unknown value
R13=0x0000000107467e38 is an oop
{method} 
 - klass: {other class}
R14=0x000000013a6e19c0 is pointing into the stack for thread: 0x00007f8244069000
R15=0x00007f8244069000 is a thread


Stack: [0x000000013a5e2000,0x000000013a6e2000],  sp=0x000000013a6e1910,  free space=1022k
Native frames: (J=compiled Java code, j=interpreted, Vv=VM code, C=native code)
C  [libGL.dylib+0x20fb]  glGetString+0xf
C  [liblwawt.dylib+0x3d7b]  Java_sun_java2d_opengl_OGLContext_getOGLIdString+0x23
j  sun.java2d.opengl.OGLContext.getOGLIdString()Ljava/lang/String;+0
j  sun.java2d.opengl.CGLGraphicsConfig$1.run()V+5
j  sun.java2d.opengl.OGLRenderQueue$QueueFlusher.run()V+95
v  ~StubRoutines::call_stub
V  [libjvm.dylib+0x28852f]
V  [libjvm.dylib+0x288a0c]
V  [libjvm.dylib+0x288b46]
V  [libjvm.dylib+0x2bf4c0]
V  [libjvm.dylib+0x478294]
V  [libjvm.dylib+0x47977a]
V  [libjvm.dylib+0x3b5191]
C  [libsystem_c.dylib+0x4e8bf]  _pthread_start+0x14f
C  [libsystem_c.dylib+0x51b75]  thread_start+0xd

Java frames: (J=compiled Java code, j=interpreted, Vv=VM code)
j  sun.java2d.opengl.OGLContext.getOGLIdString()Ljava/lang/String;+0
j  sun.java2d.opengl.CGLGraphicsConfig$1.run()V+5
j  sun.java2d.opengl.OGLRenderQueue$QueueFlusher.run()V+95
v  ~StubRoutines::call_stub

---------------  P R O C E S S  ---------------

Java Threads: ( => current thread )
  0x00007f8245001000 JavaThread "AWT-Shutdown" [_thread_blocked, id=35091, stack(0x000000013a6e5000,0x000000013a7e5000)]
=>0x00007f8244069000 JavaThread "Java2D Queue Flusher" daemon [_thread_in_native, id=15883, stack(0x000000013a5e2000,0x000000013a6e2000)]
  0x00007f824289a800 JavaThread "AppKit Thread" daemon [_thread_in_native, id=1799, stack(0x00007fff6244a000,0x00007fff62c4a000)]
  0x00007f8245000000 JavaThread "Service Thread" daemon [_thread_blocked, id=20483, stack(0x000000013681d000,0x000000013691d000)]
  0x00007f824286f000 JavaThread "C2 CompilerThread1" daemon [_thread_blocked, id=20227, stack(0x000000013671a000,0x000000013681a000)]
  0x00007f824286d000 JavaThread "C2 CompilerThread0" daemon [_thread_blocked, id=19971, stack(0x0000000136617000,0x0000000136717000)]
  0x00007f8242869800 JavaThread "JDWP Command Reader" daemon [_thread_in_native, id=19715, stack(0x0000000136514000,0x0000000136614000)]
  0x00007f8244009800 JavaThread "JDWP Event Helper Thread" daemon [_thread_blocked, id=19459, stack(0x0000000136411000,0x0000000136511000)]
  0x00007f8244008800 JavaThread "JDWP Transport Listener: dt_socket" daemon [_thread_blocked, id=19203, stack(0x000000013630e000,0x000000013640e000)]
  0x00007f8243015000 JavaThread "Signal Dispatcher" daemon [_thread_blocked, id=18947, stack(0x0000000136205000,0x0000000136305000)]
  0x00007f8242859800 JavaThread "Finalizer" daemon [_thread_blocked, id=15107, stack(0x0000000135efb000,0x0000000135ffb000)]
  0x00007f8242858800 JavaThread "Reference Handler" daemon [_thread_blocked, id=14851, stack(0x0000000135df8000,0x0000000135ef8000)]
  0x00007f8242801800 JavaThread "main" [_thread_blocked, id=7171, stack(0x0000000103d2b000,0x0000000103e2b000)]

Other Threads:
  0x00007f8242856000 VMThread [stack: 0x0000000135cf5000,0x0000000135df5000] [id=14595]
  0x00007f8244811000 WatcherThread [stack: 0x0000000136920000,0x0000000136a20000] [id=20739]

VM state:not at safepoint (normal execution)

VM Mutex/Monitor currently owned by a thread: None

Heap
 PSYoungGen      total 89600K, used 7680K [0x0000000125150000, 0x000000012b550000, 0x0000000131950000)
  eden space 76800K, 10% used [0x0000000125150000,0x00000001258d0118,0x0000000129c50000)
  from space 12800K, 0% used [0x000000012a8d0000,0x000000012a8d0000,0x000000012b550000)
  to   space 12800K, 0% used [0x0000000129c50000,0x0000000129c50000,0x000000012a8d0000)
 ParOldGen       total 204800K, used 0K [0x000000010c150000, 0x0000000118950000, 0x0000000125150000)
  object space 204800K, 0% used [0x000000010c150000,0x000000010c150000,0x0000000118950000)
 PSPermGen       total 21248K, used 5229K [0x0000000106f50000, 0x0000000108410000, 0x000000010c150000)
  object space 21248K, 24% used [0x0000000106f50000,0x000000010746b700,0x0000000108410000)

Card table byte_map: [0x0000000131950000,0x0000000131aa6000] byte_map_base: 0x0000000131118580

Polling page: 0x00000001030fe000

Code Cache  [0x0000000103e7f000, 0x00000001040ef000, 0x0000000106e7f000)
 total_blobs=247 nmethods=5 adapters=203 free_code_cache=48731Kb largest_free_block=49895808

Compilation events (10 events):
Event: 1.266 Thread 0x00007f824286d000    1             java.lang.String::hashCode (55 bytes)
Event: 1.271 Thread 0x00007f824286d000 nmethod 1 0x0000000103ede790 code [0x0000000103ede8e0, 0x0000000103edea98]
Event: 1.360 Thread 0x00007f824286f000    2             java.lang.String::charAt (29 bytes)
Event: 1.361 Thread 0x00007f824286f000 nmethod 2 0x0000000103ee0350 code [0x0000000103ee04a0, 0x0000000103ee0598]
Event: 1.608 Thread 0x00007f824286d000    3             sun.nio.cs.US_ASCII$Encoder::encode (107 bytes)
Event: 1.611 Thread 0x00007f824286d000 nmethod 3 0x0000000103ee1750 code [0x0000000103ee18c0, 0x0000000103ee1c38]
Event: 12.667 Thread 0x00007f824286f000    4             java.lang.String::indexOf (70 bytes)
Event: 12.669 Thread 0x00007f824286f000 nmethod 4 0x0000000103ee2550 code [0x0000000103ee26a0, 0x0000000103ee2888]
Event: 12.671 Thread 0x00007f824286d000    5             java.io.UnixFileSystem::normalize (75 bytes)
Event: 12.674 Thread 0x00007f824286d000 nmethod 5 0x0000000103ee6150 code [0x0000000103ee62c0, 0x0000000103ee6598]

GC Heap History (0 events):
No events

Deoptimization events (0 events):
No events

Internal exceptions (10 events):
Event: 12.667 Thread 0x00007f8242801800 Threw 0x0000000125269370 at /HUDSON/workspace/jdk7u17-2-build-macosx-amd64-product/jdk7u17/hotspot/src/share/vm/prims/jvm.cpp:1166
Event: 12.668 Thread 0x00007f8242801800 Threw 0x000000012526d5d8 at /HUDSON/workspace/jdk7u17-2-build-macosx-amd64-product/jdk7u17/hotspot/src/share/vm/prims/jvm.cpp:1166
Event: 12.670 Thread 0x00007f8242801800 Threw 0x0000000125281e00 at /HUDSON/workspace/jdk7u17-2-build-macosx-amd64-product/jdk7u17/hotspot/src/share/vm/prims/jvm.cpp:1166
Event: 12.670 Thread 0x00007f8242801800 Threw 0x0000000125282028 at /HUDSON/workspace/jdk7u17-2-build-macosx-amd64-product/jdk7u17/hotspot/src/share/vm/prims/jvm.cpp:1166
Event: 12.671 Thread 0x00007f8242801800 Threw 0x000000012528d118 at /HUDSON/workspace/jdk7u17-2-build-macosx-amd64-product/jdk7u17/hotspot/src/share/vm/prims/jvm.cpp:1166
Event: 12.671 Thread 0x00007f8242801800 Threw 0x000000012528d340 at /HUDSON/workspace/jdk7u17-2-build-macosx-amd64-product/jdk7u17/hotspot/src/share/vm/prims/jvm.cpp:1166
Event: 12.672 Thread 0x00007f8242801800 Threw 0x0000000125291998 at /HUDSON/workspace/jdk7u17-2-build-macosx-amd64-product/jdk7u17/hotspot/src/share/vm/prims/jvm.cpp:1166
Event: 12.672 Thread 0x00007f8242801800 Threw 0x0000000125293198 at /HUDSON/workspace/jdk7u17-2-build-macosx-amd64-product/jdk7u17/hotspot/src/share/vm/prims/jvm.cpp:1166
Event: 12.674 Thread 0x00007f8242801800 Threw 0x00000001252a00f8 at /HUDSON/workspace/jdk7u17-2-build-macosx-amd64-product/jdk7u17/hotspot/src/share/vm/prims/jvm.cpp:1166
Event: 12.674 Thread 0x00007f8242801800 Threw 0x00000001252a1d48 at /HUDSON/workspace/jdk7u17-2-build-macosx-amd64-product/jdk7u17/hotspot/src/share/vm/prims/jvm.cpp:1166

Events (10 events):
Event: 12.686 Thread 0x00007f8244069000 Thread added: 0x00007f8244069000
Event: 12.686 loading class 0x00007f8243882200
Event: 12.686 loading class 0x00007f8243884830
Event: 12.686 Executing VM operation: RevokeBias
Event: 12.686 loading class 0x00007f8243884830 done
Event: 12.686 loading class 0x00007f8243882200 done
Event: 12.686 Executing VM operation: RevokeBias done
Event: 12.687 Thread 0x00007f8245001000 Thread added: 0x00007f8245001000
Event: 12.765 loading class 0x00007f8243882280
Event: 12.765 loading class 0x00007f8243882280 done


Dynamic libraries:
0x0000000002f98000 	/System/Library/Frameworks/Cocoa.framework/Versions/A/Cocoa
0x0000000002f98000 	/System/Library/Frameworks/Security.framework/Versions/A/Security
0x0000000002f98000 	/System/Library/Frameworks/ApplicationServices.framework/Versions/A/ApplicationServices
0x0000000002f98000 	/usr/lib/libz.1.dylib
0x0000000002f98000 	/usr/lib/libSystem.B.dylib
0x0000000002f98000 	/usr/lib/libobjc.A.dylib
0x0000000002f98000 	/System/Library/Frameworks/CoreFoundation.framework/Versions/A/CoreFoundation
0x0000000002f98000 	/System/Library/Frameworks/AppKit.framework/Versions/C/AppKit
0x0000000002f98000 	/System/Library/Frameworks/CoreData.framework/Versions/A/CoreData
0x0000000002f98000 	/System/Library/Frameworks/Foundation.framework/Versions/C/Foundation
0x0000000002f98000 	/System/Library/PrivateFrameworks/RemoteViewServices.framework/Versions/A/RemoteViewServices
0x0000000002f98000 	/System/Library/Frameworks/AudioToolbox.framework/Versions/A/AudioToolbox
0x0000000002f98000 	/System/Library/Frameworks/AudioUnit.framework/Versions/A/AudioUnit
0x0000000002f98000 	/System/Library/PrivateFrameworks/DataDetectorsCore.framework/Versions/A/DataDetectorsCore
0x0000000002f98000 	/System/Library/PrivateFrameworks/DesktopServicesPriv.framework/Versions/A/DesktopServicesPriv
0x0000000002f98000 	/System/Library/Frameworks/Carbon.framework/Versions/A/Frameworks/HIToolbox.framework/Versions/A/HIToolbox
0x0000000002f98000 	/System/Library/Frameworks/QuartzCore.framework/Versions/A/QuartzCore
0x0000000002f98000 	/System/Library/Frameworks/Carbon.framework/Versions/A/Frameworks/SpeechRecognition.framework/Versions/A/SpeechRecognition
0x0000000002f98000 	/usr/lib/libauto.dylib
0x0000000002f98000 	/usr/lib/libicucore.A.dylib
0x0000000002f98000 	/usr/lib/libxml2.2.dylib
0x0000000002f98000 	/System/Library/PrivateFrameworks/CoreUI.framework/Versions/A/CoreUI
0x0000000002f98000 	/System/Library/Frameworks/CoreAudio.framework/Versions/A/CoreAudio
0x0000000002f98000 	/System/Library/Frameworks/DiskArbitration.framework/Versions/A/DiskArbitration
0x0000000002f98000 	/usr/lib/liblangid.dylib
0x0000000002f98000 	/System/Library/PrivateFrameworks/MultitouchSupport.framework/Versions/A/MultitouchSupport
0x0000000002f98000 	/System/Library/Frameworks/IOKit.framework/Versions/A/IOKit
0x0000000002f98000 	/usr/lib/libDiagnosticMessagesClient.dylib
0x0000000002f98000 	/System/Library/Frameworks/CoreServices.framework/Versions/A/CoreServices
0x0000000002f98000 	/System/Library/PrivateFrameworks/PerformanceAnalysis.framework/Versions/A/PerformanceAnalysis
0x0000000002f98000 	/System/Library/PrivateFrameworks/GenerationalStorage.framework/Versions/A/GenerationalStorage
0x0000000002f98000 	/System/Library/Frameworks/OpenGL.framework/Versions/A/OpenGL
0x0000000002f98000 	/System/Library/Frameworks/CoreServices.framework/Versions/A/Frameworks/CFNetwork.framework/Versions/A/CFNetwork
0x0000000002f98000 	/System/Library/Frameworks/SystemConfiguration.framework/Versions/A/SystemConfiguration
0x0000000002f98000 	/usr/lib/libCRFSuite.dylib
0x0000000002f98000 	/usr/lib/libc++.1.dylib
0x0000000002f98000 	/usr/lib/libstdc++.6.dylib
0x0000000002f98000 	/usr/lib/libc++abi.dylib
0x0000000002f98000 	/usr/lib/system/libcache.dylib
0x0000000002f98000 	/usr/lib/system/libcommonCrypto.dylib
0x0000000002f98000 	/usr/lib/system/libcompiler_rt.dylib
0x0000000002f98000 	/usr/lib/system/libcopyfile.dylib
0x0000000002f98000 	/usr/lib/system/libdispatch.dylib
0x0000000002f98000 	/usr/lib/system/libdnsinfo.dylib
0x0000000002f98000 	/usr/lib/system/libdyld.dylib
0x0000000002f98000 	/usr/lib/system/libkeymgr.dylib
0x0000000002f98000 	/usr/lib/system/liblaunch.dylib
0x0000000002f98000 	/usr/lib/system/libmacho.dylib
0x0000000002f98000 	/usr/lib/system/libmathCommon.A.dylib
0x0000000002f98000 	/usr/lib/system/libquarantine.dylib
0x0000000002f98000 	/usr/lib/system/libremovefile.dylib
0x0000000002f98000 	/usr/lib/system/libsystem_blocks.dylib
0x0000000002f98000 	/usr/lib/system/libsystem_c.dylib
0x0000000002f98000 	/usr/lib/system/libsystem_dnssd.dylib
0x0000000002f98000 	/usr/lib/system/libsystem_info.dylib
0x0000000002f98000 	/usr/lib/system/libsystem_kernel.dylib
0x0000000002f98000 	/usr/lib/system/libsystem_network.dylib
0x0000000002f98000 	/usr/lib/system/libsystem_notify.dylib
0x0000000002f98000 	/usr/lib/system/libsystem_sandbox.dylib
0x0000000002f98000 	/usr/lib/system/libunc.dylib
0x0000000002f98000 	/usr/lib/system/libunwind.dylib
0x0000000002f98000 	/usr/lib/system/libxpc.dylib
0x0000000002f98000 	/usr/lib/libbsm.0.dylib
0x0000000002f98000 	/usr/lib/libsqlite3.dylib
0x0000000002f98000 	/usr/lib/libOpenScriptingUtil.dylib
0x0000000002f98000 	/usr/lib/libpam.2.dylib
0x0000000002f98000 	/usr/lib/libxar-nossl.dylib
0x0000000002f98000 	/usr/lib/libbz2.1.0.dylib
0x0000000002f98000 	/System/Library/Frameworks/CoreServices.framework/Versions/A/Frameworks/CarbonCore.framework/Versions/A/CarbonCore
0x0000000002f98000 	/System/Library/Frameworks/CoreServices.framework/Versions/A/Frameworks/Metadata.framework/Versions/A/Metadata
0x0000000002f98000 	/System/Library/Frameworks/CoreServices.framework/Versions/A/Frameworks/OSServices.framework/Versions/A/OSServices
0x0000000002f98000 	/System/Library/Frameworks/CoreServices.framework/Versions/A/Frameworks/SearchKit.framework/Versions/A/SearchKit
0x0000000002f98000 	/System/Library/Frameworks/CoreServices.framework/Versions/A/Frameworks/AE.framework/Versions/A/AE
0x0000000002f98000 	/System/Library/Frameworks/CoreServices.framework/Versions/A/Frameworks/LaunchServices.framework/Versions/A/LaunchServices
0x0000000002f98000 	/System/Library/Frameworks/CoreServices.framework/Versions/A/Frameworks/DictionaryServices.framework/Versions/A/DictionaryServices
0x0000000002f98000 	/System/Library/Frameworks/NetFS.framework/Versions/A/NetFS
0x0000000002f98000 	/usr/lib/system/libkxld.dylib
0x0000000002f98000 	/System/Library/PrivateFrameworks/NetAuth.framework/Versions/A/NetAuth
0x0000000002f98000 	/usr/lib/libcrypto.0.9.8.dylib
0x0000000002f98000 	/System/Library/PrivateFrameworks/TrustEvaluationAgent.framework/Versions/A/TrustEvaluationAgent
0x0000000002f98000 	/System/Library/Frameworks/OpenDirectory.framework/Versions/A/Frameworks/CFOpenDirectory.framework/Versions/A/CFOpenDirectory
0x0000000002f98000 	/usr/lib/libxslt.1.dylib
0x0000000002f98000 	/System/Library/PrivateFrameworks/FamilyControls.framework/Versions/A/FamilyControls
0x0000000002f98000 	/System/Library/Frameworks/Carbon.framework/Versions/A/Frameworks/Ink.framework/Versions/A/Ink
0x0000000002f98000 	/System/Library/Frameworks/ApplicationServices.framework/Versions/A/Frameworks/CoreGraphics.framework/Versions/A/CoreGraphics
0x0000000002f98000 	/System/Library/Frameworks/ApplicationServices.framework/Versions/A/Frameworks/ImageIO.framework/Versions/A/ImageIO
0x0000000002f98000 	/System/Library/Frameworks/ApplicationServices.framework/Versions/A/Frameworks/CoreText.framework/Versions/A/CoreText
0x0000000002f98000 	/System/Library/Frameworks/ApplicationServices.framework/Versions/A/Frameworks/ATS.framework/Versions/A/ATS
0x0000000002f98000 	/System/Library/Frameworks/ApplicationServices.framework/Versions/A/Frameworks/ColorSync.framework/Versions/A/ColorSync
0x0000000002f98000 	/System/Library/Frameworks/ApplicationServices.framework/Versions/A/Frameworks/HIServices.framework/Versions/A/HIServices
0x0000000002f98000 	/System/Library/Frameworks/ApplicationServices.framework/Versions/A/Frameworks/LangAnalysis.framework/Versions/A/LangAnalysis
0x0000000002f98000 	/System/Library/Frameworks/ApplicationServices.framework/Versions/A/Frameworks/PrintCore.framework/Versions/A/PrintCore
0x0000000002f98000 	/System/Library/Frameworks/ApplicationServices.framework/Versions/A/Frameworks/QD.framework/Versions/A/QD
0x0000000002f98000 	/System/Library/Frameworks/ApplicationServices.framework/Versions/A/Frameworks/SpeechSynthesis.framework/Versions/A/SpeechSynthesis
0x0000000002f98000 	/System/Library/Frameworks/IOSurface.framework/Versions/A/IOSurface
0x0000000002f98000 	/System/Library/Frameworks/Accelerate.framework/Versions/A/Accelerate
0x0000000002f98000 	/System/Library/Frameworks/ApplicationServices.framework/Versions/A/Frameworks/ImageIO.framework/Versions/A/Resources/libJPEG.dylib
0x0000000002f98000 	/System/Library/Frameworks/ApplicationServices.framework/Versions/A/Frameworks/ImageIO.framework/Versions/A/Resources/libTIFF.dylib
0x0000000002f98000 	/System/Library/Frameworks/ApplicationServices.framework/Versions/A/Frameworks/ImageIO.framework/Versions/A/Resources/libPng.dylib
0x0000000002f98000 	/System/Library/Frameworks/ApplicationServices.framework/Versions/A/Frameworks/ImageIO.framework/Versions/A/Resources/libGIF.dylib
0x0000000002f98000 	/System/Library/Frameworks/ApplicationServices.framework/Versions/A/Frameworks/ImageIO.framework/Versions/A/Resources/libJP2.dylib
0x0000000002f98000 	/System/Library/Frameworks/ApplicationServices.framework/Versions/A/Frameworks/ImageIO.framework/Versions/A/Resources/libRadiance.dylib
0x0000000002f98000 	/System/Library/Frameworks/Accelerate.framework/Versions/A/Frameworks/vImage.framework/Versions/A/vImage
0x0000000002f98000 	/System/Library/Frameworks/Accelerate.framework/Versions/A/Frameworks/vecLib.framework/Versions/A/vecLib
0x0000000002f98000 	/System/Library/Frameworks/Accelerate.framework/Versions/A/Frameworks/vecLib.framework/Versions/A/libvDSP.dylib
0x0000000002f98000 	/System/Library/Frameworks/Accelerate.framework/Versions/A/Frameworks/vecLib.framework/Versions/A/libvMisc.dylib
0x0000000002f98000 	/System/Library/Frameworks/Accelerate.framework/Versions/A/Frameworks/vecLib.framework/Versions/A/libLAPACK.dylib
0x0000000002f98000 	/System/Library/Frameworks/Accelerate.framework/Versions/A/Frameworks/vecLib.framework/Versions/A/libBLAS.dylib
0x0000000002f98000 	/System/Library/Frameworks/ApplicationServices.framework/Versions/A/Frameworks/ATS.framework/Versions/A/Resources/libFontParser.dylib
0x0000000002f98000 	/System/Library/Frameworks/ApplicationServices.framework/Versions/A/Frameworks/ATS.framework/Versions/A/Resources/libFontRegistry.dylib
0x0000000002f98000 	/usr/lib/libcups.2.dylib
0x0000000002f98000 	/System/Library/Frameworks/Kerberos.framework/Versions/A/Kerberos
0x0000000002f98000 	/System/Library/Frameworks/GSS.framework/Versions/A/GSS
0x0000000002f98000 	/usr/lib/libresolv.9.dylib
0x0000000002f98000 	/usr/lib/libiconv.2.dylib
0x0000000002f98000 	/System/Library/PrivateFrameworks/Heimdal.framework/Versions/A/Heimdal
0x0000000002f98000 	/System/Library/Frameworks/OpenDirectory.framework/Versions/A/OpenDirectory
0x0000000002f98000 	/System/Library/PrivateFrameworks/CommonAuth.framework/Versions/A/CommonAuth
0x0000000002f98000 	/System/Library/Frameworks/CoreVideo.framework/Versions/A/CoreVideo
0x0000000002f98000 	/System/Library/Frameworks/QuartzCore.framework/Versions/A/Frameworks/CoreImage.framework/Versions/A/CoreImage
0x0000000002f98000 	/System/Library/Frameworks/QuartzCore.framework/Versions/A/Frameworks/ScalableUserInterface.framework/Versions/A/ScalableUserInterface
0x0000000002f98000 	/System/Library/Frameworks/OpenGL.framework/Versions/A/Libraries/libGLU.dylib
0x0000000002f98000 	/System/Library/Frameworks/OpenGL.framework/Versions/A/Libraries/libGFXShared.dylib
0x0000000002f98000 	/System/Library/Frameworks/OpenGL.framework/Versions/A/Libraries/libGL.dylib
0x0000000002f98000 	/System/Library/Frameworks/OpenGL.framework/Versions/A/Libraries/libGLImage.dylib
0x0000000002f98000 	/System/Library/Frameworks/OpenGL.framework/Versions/A/Libraries/libCVMSPluginSupport.dylib
0x0000000002f98000 	/System/Library/Frameworks/OpenGL.framework/Versions/A/Libraries/libCoreVMClient.dylib
0x0000000002f98000 	/System/Library/Frameworks/OpenCL.framework/Versions/A/OpenCL
0x0000000002f98000 	/System/Library/PrivateFrameworks/FaceCoreLight.framework/Versions/A/FaceCoreLight
0x0000000002f98000 	/System/Library/Frameworks/vecLib.framework/Versions/A/vecLib
0x0000000002f98000 	/System/Library/Frameworks/SecurityFoundation.framework/Versions/A/SecurityFoundation
0x0000000002f98000 	/System/Library/PrivateFrameworks/CommerceKit.framework/Versions/A/Frameworks/CommerceCore.framework/Versions/A/CommerceCore
0x0000000002f98000 	/System/Library/PrivateFrameworks/CoreSymbolication.framework/Versions/A/CoreSymbolication
0x0000000002f98000 	/System/Library/PrivateFrameworks/Symbolication.framework/Versions/A/Symbolication
0x0000000002f98000 	/System/Library/PrivateFrameworks/DebugSymbols.framework/Versions/A/DebugSymbols
0x0000000103283000 	/Library/Java/JavaVirtualMachines/jdk1.7.0_17.jdk/Contents/Home/jre/lib/server/libjvm.dylib
0x00000001030c1000 	/Library/Java/JavaVirtualMachines/jdk1.7.0_17.jdk/Contents/Home/jre/lib/libverify.dylib
0x00000001030ce000 	/Library/Java/JavaVirtualMachines/jdk1.7.0_17.jdk/Contents/Home/jre/lib/libjava.dylib
0x0000000103e2d000 	/Library/Java/JavaVirtualMachines/jdk1.7.0_17.jdk/Contents/Home/jre/lib/libjdwp.dylib
0x0000000103e6a000 	/Library/Java/JavaVirtualMachines/jdk1.7.0_17.jdk/Contents/Home/jre/lib/./libnpt.dylib
0x0000000103e76000 	/Library/Java/JavaVirtualMachines/jdk1.7.0_17.jdk/Contents/Home/jre/lib/libzip.dylib
0x0000000135ffd000 	/System/Library/Frameworks/JavaVM.framework/Frameworks/JavaRuntimeSupport.framework/JavaRuntimeSupport
0x0000000136015000 	/System/Library/Frameworks/JavaVM.framework/Versions/A/Frameworks/JavaNativeFoundation.framework/Versions/A/JavaNativeFoundation
0x000000013602a000 	/System/Library/Frameworks/JavaVM.framework/Versions/A/JavaVM
0x0000000002f98000 	/System/Library/Frameworks/Carbon.framework/Versions/A/Carbon
0x0000000136037000 	/System/Library/PrivateFrameworks/JavaLaunching.framework/Versions/A/JavaLaunching
0x0000000002f98000 	/System/Library/Frameworks/Carbon.framework/Versions/A/Frameworks/CommonPanels.framework/Versions/A/CommonPanels
0x0000000002f98000 	/System/Library/Frameworks/Carbon.framework/Versions/A/Frameworks/Help.framework/Versions/A/Help
0x0000000002f98000 	/System/Library/Frameworks/Carbon.framework/Versions/A/Frameworks/ImageCapture.framework/Versions/A/ImageCapture
0x0000000002f98000 	/System/Library/Frameworks/Carbon.framework/Versions/A/Frameworks/OpenScripting.framework/Versions/A/OpenScripting
0x0000000002f98000 	/System/Library/Frameworks/Carbon.framework/Versions/A/Frameworks/Print.framework/Versions/A/Print
0x0000000002f98000 	/System/Library/Frameworks/Carbon.framework/Versions/A/Frameworks/SecurityHI.framework/Versions/A/SecurityHI
0x0000000136307000 	/Library/Java/JavaVirtualMachines/jdk1.7.0_17.jdk/Contents/Home/jre/lib/libdt_socket.dylib
0x0000000136ac2000 	/Library/Java/JavaVirtualMachines/jdk1.7.0_17.jdk/Contents/Home/jre/lib/libawt.dylib
0x0000000136b71000 	/Library/Java/JavaVirtualMachines/jdk1.7.0_17.jdk/Contents/Home/jre/lib/./libmlib_image.dylib
0x0000000136c3d000 	/Library/Java/JavaVirtualMachines/jdk1.7.0_17.jdk/Contents/Home/jre/lib/lwawt/liblwawt.dylib
0x0000000136cef000 	/Library/Java/JavaVirtualMachines/jdk1.7.0_17.jdk/Contents/Home/jre/lib/server/../libosxapp.dylib
0x0000000136d0b000 	/System/Library/Frameworks/ExceptionHandling.framework/Versions/A/ExceptionHandling
0x0000000002f98000 	/System/Library/PrivateFrameworks/CoreServicesInternal.framework/Versions/A/CoreServicesInternal
0x0000000002f98000 	/System/Library/Frameworks/ApplicationServices.framework/Versions/A/Frameworks/CoreGraphics.framework/Versions/A/Resources/libCSync.A.dylib
0x0000000002f98000 	/System/Library/Frameworks/ApplicationServices.framework/Versions/A/Frameworks/CoreGraphics.framework/Versions/A/Resources/libRIP.A.dylib
0x0000000002f98000 	/System/Library/Frameworks/ApplicationServices.framework/Versions/A/Frameworks/CoreGraphics.framework/Versions/A/Resources/libCGXType.A.dylib
0x000000013a595000 	/Library/Java/JavaVirtualMachines/jdk1.7.0_17.jdk/Contents/Home/jre/lib/libfontmanager.dylib
0x0000000138c75000 	/Library/Java/JavaVirtualMachines/jdk1.7.0_17.jdk/Contents/Home/jre/lib/libosxui.dylib
0x000000013a7e7000 	/System/Library/Frameworks/OpenGL.framework/Resources/GLEngine.bundle/GLEngine
0x000000013a9d6000 	/System/Library/Frameworks/OpenGL.framework/Versions/A/Libraries/libGLProgrammability.dylib
0x000000013ab62000 	/System/Library/Extensions/ATIRadeonX3000GLDriver.bundle/Contents/MacOS/ATIRadeonX3000GLDriver
0x0000000136d19000 	/System/Library/PrivateFrameworks/GPUSupport.framework/Versions/A/Libraries/libGPUSupport.dylib
0x000000013ae72000 	/System/Library/Extensions/AppleIntelHD3000GraphicsGLDriver.bundle/Contents/MacOS/AppleIntelHD3000GraphicsGLDriver
0x0000000136d2e000 	/System/Library/Frameworks/OpenGL.framework/Resources//GLRendererFloat.bundle/GLRendererFloat
0x0000000136d65000 	/System/Library/Frameworks/OpenCL.framework/Versions/A/Libraries/libcldcpuengine.dylib
0x0000000002f98000 	/System/Library/PrivateFrameworks/DiskImages.framework/Versions/A/DiskImages
0x0000000136d75000 	/System/Library/Frameworks/OpenGL.framework/Versions/A/Libraries/libCoreFSCache.dylib
0x0000000002f98000 	/System/Library/Frameworks/DiscRecording.framework/Versions/A/DiscRecording
0x0000000002f98000 	/usr/lib/libcurl.4.dylib
0x0000000002f98000 	/System/Library/PrivateFrameworks/MediaKit.framework/Versions/A/MediaKit
0x0000000002f98000 	/usr/lib/libssl.0.9.8.dylib
0x0000000002f98000 	/System/Library/Frameworks/LDAP.framework/Versions/A/LDAP
0x0000000002f98000 	/usr/lib/libsasl2.2.dylib

VM Arguments:
jvm_args: -agentlib:jdwp=transport=dt_socket,suspend=y,address=localhost:58527 -Xms300m -Xmx600m -Dfile.encoding=UTF-8 
java_command: idyno.Idynomics
Launcher Type: SUN_STANDARD

Environment Variables:
PATH=/usr/bin:/bin:/usr/sbin:/sbin
SHELL=/bin/bash
DISPLAY=/tmp/launch-xjx61X/org.macosforge.xquartz:0

Signal Handlers:
SIGSEGV: [libjvm.dylib+0x4a361d], sa_mask[0]=0xfffefeff, sa_flags=0x00000042
SIGBUS: [libjvm.dylib+0x4a361d], sa_mask[0]=0xfffefeff, sa_flags=0x00000042
SIGFPE: [libjvm.dylib+0x3b302d], sa_mask[0]=0xfffefeff, sa_flags=0x00000042
SIGPIPE: [libjvm.dylib+0x3b302d], sa_mask[0]=0xfffefeff, sa_flags=0x00000042
SIGXFSZ: [libjvm.dylib+0x3b302d], sa_mask[0]=0xfffefeff, sa_flags=0x00000042
SIGILL: [libjvm.dylib+0x3b302d], sa_mask[0]=0xfffefeff, sa_flags=0x00000042
SIGUSR1: SIG_DFL, sa_mask[0]=0x00000000, sa_flags=0x00000002
SIGUSR2: [libjvm.dylib+0x3b2bc6], sa_mask[0]=0x00000004, sa_flags=0x00000042
SIGHUP: [libjvm.dylib+0x3b0e27], sa_mask[0]=0xfffefeff, sa_flags=0x00000042
SIGINT: [libjvm.dylib+0x3b0e27], sa_mask[0]=0xfffefeff, sa_flags=0x00000042
SIGTERM: [libjvm.dylib+0x3b0e27], sa_mask[0]=0xfffefeff, sa_flags=0x00000042
SIGQUIT: [libjvm.dylib+0x3b0e27], sa_mask[0]=0xfffefeff, sa_flags=0x00000042


---------------  S Y S T E M  ---------------

OS:Bsduname:Darwin 11.4.2 Darwin Kernel Version 11.4.2: Thu Aug 23 16:25:48 PDT 2012; root:xnu-1699.32.7~1/RELEASE_X86_64 x86_64
rlimit: STACK 8192k, CORE 0k, NPROC 709, NOFILE 10240, AS infinity
load average:0.83 0.99 1.25

CPU:total 8 (4 cores per cpu, 2 threads per core) family 6 model 42 stepping 7, cmov, cx8, fxsr, mmx, sse, sse2, sse3, ssse3, sse4.1, sse4.2, popcnt, avx, ht, tsc, tscinvbit

Memory: 4k page, physical 8150304k(2037576k free)

/proc/meminfo:


vm_info: Java HotSpot(TM) 64-Bit Server VM (23.7-b01) for bsd-amd64 JRE (1.7.0_17-b02), built on Mar  1 2013 06:41:23 by "java_re" with gcc 4.2.1 (Based on Apple Inc. build 5658) (LLVM build 2336.11.00)

time: Tue May  7 23:38:56 2013
elapsed time: 12 seconds

