#
# A fatal error has been detected by the Java Runtime Environment:
#
#  SIGSEGV (0xb) at pc=0x00007fff8b87d0fb, pid=1538, tid=34067
#
# JRE version: 7.0_17-b02
# Java VM: Java HotSpot(TM) 64-Bit Server VM (23.7-b01 mixed mode bsd-amd64 compressed oops)
# Problematic frame:
# C  [libGL.dylib+0x20fb]  glGetString+0xf
#
# Failed to write core dump. Core dumps have been disabled. To enable core dumping, try "ulimit -c unlimited" before starting Java again
#
# If you would like to submit a bug report, please visit:
#   http://bugreport.sun.com/bugreport/crash.jsp
# The crash happened outside the Java Virtual Machine in native code.
# See problematic frame for where to report the bug.
#

---------------  T H R E A D  ---------------

Current thread (0x00007fa9b38d8800):  JavaThread "Java2D Queue Flusher" daemon [_thread_in_native, id=34067, stack(0x00000001176bf000,0x00000001177bf000)]

siginfo:si_signo=SIGSEGV: si_errno=0, si_code=1 (SEGV_MAPERR), si_addr=0x00000000000003b0

Registers:
RAX=0x0000000000000000, RBX=0x0000000113d328f0, RCX=0x0000000000000000, RDX=0x0000000000000008
RSP=0x00000001177be910, RBP=0x00000001177be910, RSI=0x0000000000001f00, RDI=0x0000000000001f00
R8 =0x8000000000000000, R9 =0x000000000000059a, R10=0x000000010b92ed85, R11=0x000000010b104e1b
R12=0x0000000000000000, R13=0x00000007d5b17e38, R14=0x00000001177be9c0, R15=0x00007fa9b38d8800
RIP=0x00007fff8b87d0fb, EFLAGS=0x0000000000010202, ERR=0x0000000000000004
  TRAPNO=0x000000000000000e

Top of Stack: (sp=0x00000001177be910)
0x00000001177be910:   00000001177be950 0000000113cb2d7b
0x00000001177be920:   00007fa9b38d89d8 00000007d5b17e38
0x00000001177be930:   0000000000000000 00000007d5b17e38
0x00000001177be940:   00000001177be9c0 00007fa9b38d8800
0x00000001177be950:   00000001177be9a8 000000010b92edb1
0x00000001177be960:   000000010b93f143 00000001177be968
0x00000001177be970:   00000007d5b17e38 00000001177be9c0
0x00000001177be980:   00000007d5b1ada0 0000000000000000
0x00000001177be990:   00000007d5b17e38 0000000000000000
0x00000001177be9a0:   00000001177be9c8 00000001177bea18
0x00000001177be9b0:   000000010b91d3b3 00000007f3963440
0x00000001177be9c0:   000000010b92a03b 0000000000000000
0x00000001177be9d0:   00000007f3962f10 00000001177be9d8
0x00000001177be9e0:   00000007d5b1b34d 00000001177bea28
0x00000001177be9f0:   00000007d5b1b680 0000000000000000
0x00000001177bea00:   00000007d5b1b358 00000001177be9c8
0x00000001177bea10:   00000001177bea28 00000001177bea80
0x00000001177bea20:   000000010b91d886 00000007f39635c0
0x00000001177bea30:   0000000000000001 00000007f3963290
0x00000001177bea40:   00000001177bea30 00000007d5b16d97
0x00000001177bea50:   00000001177beaa8 00000007d5b17270
0x00000001177bea60:   0000000000000000 00000007d5b16e60
0x00000001177bea70:   00000001177bea28 00000001177beaa8
0x00000001177bea80:   00000001177beb10 000000010b9174f7
0x00000001177bea90:   0000000000000000 0000000000000000
0x00000001177beaa0:   0000000000000000 00000007f3963290
0x00000001177beab0:   00007fa900001fa0 0000000000000001
0x00000001177beac0:   00007fa9b38d8800 000000010b91746f
0x00000001177bead0:   000000000000000a 00007fa9b4828b60
0x00000001177beae0:   00000001177beb80 00000001177bed50
0x00000001177beaf0:   000000000000000a 00000007d5b16e60
0x00000001177beb00:   000000010b92c8e0 00000001177becc0 

Instructions: (pc=0x00007fff8b87d0fb)
0x00007fff8b87d0db:   f0 00 00 00 48 8b 88 a8 03 00 00 48 8b 38 5d ff
0x00007fff8b87d0eb:   e1 55 48 89 e5 89 fe 65 48 8b 04 25 f0 00 00 00
0x00007fff8b87d0fb:   48 8b 88 b0 03 00 00 48 8b 38 5d ff e1 55 48 89
0x00007fff8b87d10b:   e5 48 89 d1 89 f2 89 fe 65 48 8b 04 25 f0 00 00 

Register to memory mapping:

RAX=0x0000000000000000 is an unknown value
RBX=0x0000000113d328f0: j2d_glGetString+0 in /Library/Java/JavaVirtualMachines/jdk1.7.0_17.jdk/Contents/Home/jre/lib/lwawt/liblwawt.dylib at 0x0000000113caf000
RCX=0x0000000000000000 is an unknown value
RDX=0x0000000000000008 is an unknown value
RSP=0x00000001177be910 is pointing into the stack for thread: 0x00007fa9b38d8800
RBP=0x00000001177be910 is pointing into the stack for thread: 0x00007fa9b38d8800
RSI=0x0000000000001f00 is an unknown value
RDI=0x0000000000001f00 is an unknown value
R8 =0x8000000000000000 is an unknown value
R9 =0x000000000000059a is an unknown value
R10=0x000000010b92ed85 is an Interpreter codelet
method entry point (kind = native)  [0x000000010b92e8e0, 0x000000010b92f6c0]  3552 bytes
R11=0x000000010b104e1b: throw_unsatisfied_link_error+0 in /Library/Java/JavaVirtualMachines/jdk1.7.0_17.jdk/Contents/Home/jre/lib/server/libjvm.dylib at 0x000000010ad00000
R12=0x0000000000000000 is an unknown value
R13=0x00000007d5b17e38 is an oop
{method} 
 - klass: {other class}
R14=0x00000001177be9c0 is pointing into the stack for thread: 0x00007fa9b38d8800
R15=0x00007fa9b38d8800 is a thread


Stack: [0x00000001176bf000,0x00000001177bf000],  sp=0x00000001177be910,  free space=1022k
Native frames: (J=compiled Java code, j=interpreted, Vv=VM code, C=native code)
C  [libGL.dylib+0x20fb]  glGetString+0xf
C  [liblwawt.dylib+0x3d7b]  Java_sun_java2d_opengl_OGLContext_getOGLIdString+0x23
j  sun.java2d.opengl.OGLContext.getOGLIdString()Ljava/lang/String;+0
j  sun.java2d.opengl.CGLGraphicsConfig$1.run()V+5
j  sun.java2d.opengl.OGLRenderQueue$QueueFlusher.run()V+95
v  ~StubRoutines::call_stub
V  [libjvm.dylib+0x28852f]
V  [libjvm.dylib+0x288a0c]
V  [libjvm.dylib+0x288b46]
V  [libjvm.dylib+0x2bf4c0]
V  [libjvm.dylib+0x478294]
V  [libjvm.dylib+0x47977a]
V  [libjvm.dylib+0x3b5191]
C  [libsystem_c.dylib+0x4e8bf]  _pthread_start+0x14f
C  [libsystem_c.dylib+0x51b75]  thread_start+0xd

Java frames: (J=compiled Java code, j=interpreted, Vv=VM code)
j  sun.java2d.opengl.OGLContext.getOGLIdString()Ljava/lang/String;+0
j  sun.java2d.opengl.CGLGraphicsConfig$1.run()V+5
j  sun.java2d.opengl.OGLRenderQueue$QueueFlusher.run()V+95
v  ~StubRoutines::call_stub

---------------  P R O C E S S  ---------------

Java Threads: ( => current thread )
  0x00007fa9b3067000 JavaThread "AWT-Shutdown" [_thread_blocked, id=15883, stack(0x00000001177c2000,0x00000001178c2000)]
=>0x00007fa9b38d8800 JavaThread "Java2D Queue Flusher" daemon [_thread_in_native, id=34067, stack(0x00000001176bf000,0x00000001177bf000)]
  0x00007fa9b4033000 JavaThread "AppKit Thread" daemon [_thread_in_native, id=1799, stack(0x00007fff69ecc000,0x00007fff6a6cc000)]
  0x00007fa9b4013000 JavaThread "Service Thread" daemon [_thread_blocked, id=20227, stack(0x000000011388f000,0x000000011398f000)]
  0x00007fa9b7001000 JavaThread "C2 CompilerThread1" daemon [_thread_blocked, id=19971, stack(0x000000011378c000,0x000000011388c000)]
  0x00007fa9b4001800 JavaThread "C2 CompilerThread0" daemon [_thread_blocked, id=19715, stack(0x0000000113689000,0x0000000113789000)]
  0x00007fa9b5800000 JavaThread "JDWP Command Reader" daemon [_thread_in_native, id=19459, stack(0x0000000113586000,0x0000000113686000)]
  0x00007fa9b5023800 JavaThread "JDWP Event Helper Thread" daemon [_thread_blocked, id=19203, stack(0x0000000113483000,0x0000000113583000)]
  0x00007fa9b5023000 JavaThread "JDWP Transport Listener: dt_socket" daemon [_thread_blocked, id=18947, stack(0x0000000113380000,0x0000000113480000)]
  0x00007fa9b6000000 JavaThread "Signal Dispatcher" daemon [_thread_blocked, id=18691, stack(0x0000000113277000,0x0000000113377000)]
  0x00007fa9b384a800 JavaThread "Finalizer" daemon [_thread_blocked, id=15107, stack(0x0000000112f82000,0x0000000113082000)]
  0x00007fa9b3849800 JavaThread "Reference Handler" daemon [_thread_blocked, id=14851, stack(0x0000000112e7f000,0x0000000112f7f000)]
  0x00007fa9b5000000 JavaThread "main" [_thread_blocked, id=7171, stack(0x000000010b7a8000,0x000000010b8a8000)]

Other Threads:
  0x00007fa9b3847000 VMThread [stack: 0x0000000112d7c000,0x0000000112e7c000] [id=14595]
  0x00007fa9b401c000 WatcherThread [stack: 0x0000000113992000,0x0000000113a92000] [id=20483]

VM state:not at safepoint (normal execution)

VM Mutex/Monitor currently owned by a thread: None

Heap
 PSYoungGen      total 89600K, used 7680K [0x00000007f3800000, 0x00000007f9c00000, 0x0000000800000000)
  eden space 76800K, 10% used [0x00000007f3800000,0x00000007f3f80118,0x00000007f8300000)
  from space 12800K, 0% used [0x00000007f8f80000,0x00000007f8f80000,0x00000007f9c00000)
  to   space 12800K, 0% used [0x00000007f8300000,0x00000007f8300000,0x00000007f8f80000)
 ParOldGen       total 204800K, used 0K [0x00000007da800000, 0x00000007e7000000, 0x00000007f3800000)
  object space 204800K, 0% used [0x00000007da800000,0x00000007da800000,0x00000007e7000000)
 PSPermGen       total 21248K, used 5229K [0x00000007d5600000, 0x00000007d6ac0000, 0x00000007da800000)
  object space 21248K, 24% used [0x00000007d5600000,0x00000007d5b1b700,0x00000007d6ac0000)

Card table byte_map: [0x000000010e9d7000,0x000000010eb2d000] byte_map_base: 0x000000010ab2c000

Polling page: 0x000000010abd3000

Code Cache  [0x000000010b917000, 0x000000010bb87000, 0x000000010e917000)
 total_blobs=247 nmethods=5 adapters=203 free_code_cache=48731Kb largest_free_block=49895808

Compilation events (10 events):
Event: 1.403 Thread 0x00007fa9b4001800    1             java.lang.String::hashCode (55 bytes)
Event: 1.409 Thread 0x00007fa9b4001800 nmethod 1 0x000000010b976790 code [0x000000010b9768e0, 0x000000010b976a98]
Event: 2.298 Thread 0x00007fa9b7001000    2             java.lang.String::charAt (29 bytes)
Event: 2.298 Thread 0x00007fa9b7001000 nmethod 2 0x000000010b978350 code [0x000000010b9784a0, 0x000000010b978598]
Event: 7.257 Thread 0x00007fa9b4001800    3             sun.nio.cs.US_ASCII$Encoder::encode (107 bytes)
Event: 7.260 Thread 0x00007fa9b4001800 nmethod 3 0x000000010b979750 code [0x000000010b9798c0, 0x000000010b979c38]
Event: 14.265 Thread 0x00007fa9b7001000    4             java.lang.String::indexOf (70 bytes)
Event: 14.267 Thread 0x00007fa9b7001000 nmethod 4 0x000000010b97a550 code [0x000000010b97a6a0, 0x000000010b97a888]
Event: 14.289 Thread 0x00007fa9b4001800    5             java.io.UnixFileSystem::normalize (75 bytes)
Event: 14.294 Thread 0x00007fa9b4001800 nmethod 5 0x000000010b97e150 code [0x000000010b97e2c0, 0x000000010b97e598]

GC Heap History (0 events):
No events

Deoptimization events (0 events):
No events

Internal exceptions (10 events):
Event: 14.265 Thread 0x00007fa9b5000000 Threw 0x00000007f3919310 at /HUDSON/workspace/jdk7u17-2-build-macosx-amd64-product/jdk7u17/hotspot/src/share/vm/prims/jvm.cpp:1166
Event: 14.272 Thread 0x00007fa9b5000000 Threw 0x00000007f391d578 at /HUDSON/workspace/jdk7u17-2-build-macosx-amd64-product/jdk7u17/hotspot/src/share/vm/prims/jvm.cpp:1166
Event: 14.288 Thread 0x00007fa9b5000000 Threw 0x00000007f3931da0 at /HUDSON/workspace/jdk7u17-2-build-macosx-amd64-product/jdk7u17/hotspot/src/share/vm/prims/jvm.cpp:1166
Event: 14.288 Thread 0x00007fa9b5000000 Threw 0x00000007f3931fc8 at /HUDSON/workspace/jdk7u17-2-build-macosx-amd64-product/jdk7u17/hotspot/src/share/vm/prims/jvm.cpp:1166
Event: 14.289 Thread 0x00007fa9b5000000 Threw 0x00000007f393d0b8 at /HUDSON/workspace/jdk7u17-2-build-macosx-amd64-product/jdk7u17/hotspot/src/share/vm/prims/jvm.cpp:1166
Event: 14.289 Thread 0x00007fa9b5000000 Threw 0x00000007f393d2e0 at /HUDSON/workspace/jdk7u17-2-build-macosx-amd64-product/jdk7u17/hotspot/src/share/vm/prims/jvm.cpp:1166
Event: 14.291 Thread 0x00007fa9b5000000 Threw 0x00000007f3941938 at /HUDSON/workspace/jdk7u17-2-build-macosx-amd64-product/jdk7u17/hotspot/src/share/vm/prims/jvm.cpp:1166
Event: 14.291 Thread 0x00007fa9b5000000 Threw 0x00000007f3943138 at /HUDSON/workspace/jdk7u17-2-build-macosx-amd64-product/jdk7u17/hotspot/src/share/vm/prims/jvm.cpp:1166
Event: 14.310 Thread 0x00007fa9b5000000 Threw 0x00000007f3950098 at /HUDSON/workspace/jdk7u17-2-build-macosx-amd64-product/jdk7u17/hotspot/src/share/vm/prims/jvm.cpp:1166
Event: 14.310 Thread 0x00007fa9b5000000 Threw 0x00000007f3951ce8 at /HUDSON/workspace/jdk7u17-2-build-macosx-amd64-product/jdk7u17/hotspot/src/share/vm/prims/jvm.cpp:1166

Events (10 events):
Event: 14.392 Thread 0x00007fa9b38d8800 Thread added: 0x00007fa9b38d8800
Event: 14.392 loading class 0x00007fa9b4850200
Event: 14.392 loading class 0x00007fa9b2eaec40
Event: 14.392 loading class 0x00007fa9b2eaec40 done
Event: 14.392 Executing VM operation: RevokeBias
Event: 14.392 loading class 0x00007fa9b4850200 done
Event: 14.392 Executing VM operation: RevokeBias done
Event: 14.393 Thread 0x00007fa9b3067000 Thread added: 0x00007fa9b3067000
Event: 14.609 loading class 0x00007fa9b4850280
Event: 14.609 loading class 0x00007fa9b4850280 done


Dynamic libraries:
0x0000000002f98000 	/System/Library/Frameworks/Cocoa.framework/Versions/A/Cocoa
0x0000000002f98000 	/System/Library/Frameworks/Security.framework/Versions/A/Security
0x0000000002f98000 	/System/Library/Frameworks/ApplicationServices.framework/Versions/A/ApplicationServices
0x0000000002f98000 	/usr/lib/libz.1.dylib
0x0000000002f98000 	/usr/lib/libSystem.B.dylib
0x0000000002f98000 	/usr/lib/libobjc.A.dylib
0x0000000002f98000 	/System/Library/Frameworks/CoreFoundation.framework/Versions/A/CoreFoundation
0x0000000002f98000 	/System/Library/Frameworks/AppKit.framework/Versions/C/AppKit
0x0000000002f98000 	/System/Library/Frameworks/CoreData.framework/Versions/A/CoreData
0x0000000002f98000 	/System/Library/Frameworks/Foundation.framework/Versions/C/Foundation
0x0000000002f98000 	/System/Library/PrivateFrameworks/RemoteViewServices.framework/Versions/A/RemoteViewServices
0x0000000002f98000 	/System/Library/Frameworks/AudioToolbox.framework/Versions/A/AudioToolbox
0x0000000002f98000 	/System/Library/Frameworks/AudioUnit.framework/Versions/A/AudioUnit
0x0000000002f98000 	/System/Library/PrivateFrameworks/DataDetectorsCore.framework/Versions/A/DataDetectorsCore
0x0000000002f98000 	/System/Library/PrivateFrameworks/DesktopServicesPriv.framework/Versions/A/DesktopServicesPriv
0x0000000002f98000 	/System/Library/Frameworks/Carbon.framework/Versions/A/Frameworks/HIToolbox.framework/Versions/A/HIToolbox
0x0000000002f98000 	/System/Library/Frameworks/QuartzCore.framework/Versions/A/QuartzCore
0x0000000002f98000 	/System/Library/Frameworks/Carbon.framework/Versions/A/Frameworks/SpeechRecognition.framework/Versions/A/SpeechRecognition
0x0000000002f98000 	/usr/lib/libauto.dylib
0x0000000002f98000 	/usr/lib/libicucore.A.dylib
0x0000000002f98000 	/usr/lib/libxml2.2.dylib
0x0000000002f98000 	/System/Library/PrivateFrameworks/CoreUI.framework/Versions/A/CoreUI
0x0000000002f98000 	/System/Library/Frameworks/CoreAudio.framework/Versions/A/CoreAudio
0x0000000002f98000 	/System/Library/Frameworks/DiskArbitration.framework/Versions/A/DiskArbitration
0x0000000002f98000 	/usr/lib/liblangid.dylib
0x0000000002f98000 	/System/Library/PrivateFrameworks/MultitouchSupport.framework/Versions/A/MultitouchSupport
0x0000000002f98000 	/System/Library/Frameworks/IOKit.framework/Versions/A/IOKit
0x0000000002f98000 	/usr/lib/libDiagnosticMessagesClient.dylib
0x0000000002f98000 	/System/Library/Frameworks/CoreServices.framework/Versions/A/CoreServices
0x0000000002f98000 	/System/Library/PrivateFrameworks/PerformanceAnalysis.framework/Versions/A/PerformanceAnalysis
0x0000000002f98000 	/System/Library/PrivateFrameworks/GenerationalStorage.framework/Versions/A/GenerationalStorage
0x0000000002f98000 	/System/Library/Frameworks/OpenGL.framework/Versions/A/OpenGL
0x0000000002f98000 	/System/Library/Frameworks/CoreServices.framework/Versions/A/Frameworks/CFNetwork.framework/Versions/A/CFNetwork
0x0000000002f98000 	/System/Library/Frameworks/SystemConfiguration.framework/Versions/A/SystemConfiguration
0x0000000002f98000 	/usr/lib/libCRFSuite.dylib
0x0000000002f98000 	/usr/lib/libc++.1.dylib
0x0000000002f98000 	/usr/lib/libstdc++.6.dylib
0x0000000002f98000 	/usr/lib/libc++abi.dylib
0x0000000002f98000 	/usr/lib/system/libcache.dylib
0x0000000002f98000 	/usr/lib/system/libcommonCrypto.dylib
0x0000000002f98000 	/usr/lib/system/libcompiler_rt.dylib
0x0000000002f98000 	/usr/lib/system/libcopyfile.dylib
0x0000000002f98000 	/usr/lib/system/libdispatch.dylib
0x0000000002f98000 	/usr/lib/system/libdnsinfo.dylib
0x0000000002f98000 	/usr/lib/system/libdyld.dylib
0x0000000002f98000 	/usr/lib/system/libkeymgr.dylib
0x0000000002f98000 	/usr/lib/system/liblaunch.dylib
0x0000000002f98000 	/usr/lib/system/libmacho.dylib
0x0000000002f98000 	/usr/lib/system/libmathCommon.A.dylib
0x0000000002f98000 	/usr/lib/system/libquarantine.dylib
0x0000000002f98000 	/usr/lib/system/libremovefile.dylib
0x0000000002f98000 	/usr/lib/system/libsystem_blocks.dylib
0x0000000002f98000 	/usr/lib/system/libsystem_c.dylib
0x0000000002f98000 	/usr/lib/system/libsystem_dnssd.dylib
0x0000000002f98000 	/usr/lib/system/libsystem_info.dylib
0x0000000002f98000 	/usr/lib/system/libsystem_kernel.dylib
0x0000000002f98000 	/usr/lib/system/libsystem_network.dylib
0x0000000002f98000 	/usr/lib/system/libsystem_notify.dylib
0x0000000002f98000 	/usr/lib/system/libsystem_sandbox.dylib
0x0000000002f98000 	/usr/lib/system/libunc.dylib
0x0000000002f98000 	/usr/lib/system/libunwind.dylib
0x0000000002f98000 	/usr/lib/system/libxpc.dylib
0x0000000002f98000 	/usr/lib/libbsm.0.dylib
0x0000000002f98000 	/usr/lib/libsqlite3.dylib
0x0000000002f98000 	/usr/lib/libOpenScriptingUtil.dylib
0x0000000002f98000 	/usr/lib/libpam.2.dylib
0x0000000002f98000 	/usr/lib/libxar-nossl.dylib
0x0000000002f98000 	/usr/lib/libbz2.1.0.dylib
0x0000000002f98000 	/System/Library/Frameworks/CoreServices.framework/Versions/A/Frameworks/CarbonCore.framework/Versions/A/CarbonCore
0x0000000002f98000 	/System/Library/Frameworks/CoreServices.framework/Versions/A/Frameworks/Metadata.framework/Versions/A/Metadata
0x0000000002f98000 	/System/Library/Frameworks/CoreServices.framework/Versions/A/Frameworks/OSServices.framework/Versions/A/OSServices
0x0000000002f98000 	/System/Library/Frameworks/CoreServices.framework/Versions/A/Frameworks/SearchKit.framework/Versions/A/SearchKit
0x0000000002f98000 	/System/Library/Frameworks/CoreServices.framework/Versions/A/Frameworks/AE.framework/Versions/A/AE
0x0000000002f98000 	/System/Library/Frameworks/CoreServices.framework/Versions/A/Frameworks/LaunchServices.framework/Versions/A/LaunchServices
0x0000000002f98000 	/System/Library/Frameworks/CoreServices.framework/Versions/A/Frameworks/DictionaryServices.framework/Versions/A/DictionaryServices
0x0000000002f98000 	/System/Library/Frameworks/NetFS.framework/Versions/A/NetFS
0x0000000002f98000 	/usr/lib/system/libkxld.dylib
0x0000000002f98000 	/System/Library/PrivateFrameworks/NetAuth.framework/Versions/A/NetAuth
0x0000000002f98000 	/usr/lib/libcrypto.0.9.8.dylib
0x0000000002f98000 	/System/Library/PrivateFrameworks/TrustEvaluationAgent.framework/Versions/A/TrustEvaluationAgent
0x0000000002f98000 	/System/Library/Frameworks/OpenDirectory.framework/Versions/A/Frameworks/CFOpenDirectory.framework/Versions/A/CFOpenDirectory
0x0000000002f98000 	/usr/lib/libxslt.1.dylib
0x0000000002f98000 	/System/Library/PrivateFrameworks/FamilyControls.framework/Versions/A/FamilyControls
0x0000000002f98000 	/System/Library/Frameworks/Carbon.framework/Versions/A/Frameworks/Ink.framework/Versions/A/Ink
0x0000000002f98000 	/System/Library/Frameworks/ApplicationServices.framework/Versions/A/Frameworks/CoreGraphics.framework/Versions/A/CoreGraphics
0x0000000002f98000 	/System/Library/Frameworks/ApplicationServices.framework/Versions/A/Frameworks/ImageIO.framework/Versions/A/ImageIO
0x0000000002f98000 	/System/Library/Frameworks/ApplicationServices.framework/Versions/A/Frameworks/CoreText.framework/Versions/A/CoreText
0x0000000002f98000 	/System/Library/Frameworks/ApplicationServices.framework/Versions/A/Frameworks/ATS.framework/Versions/A/ATS
0x0000000002f98000 	/System/Library/Frameworks/ApplicationServices.framework/Versions/A/Frameworks/ColorSync.framework/Versions/A/ColorSync
0x0000000002f98000 	/System/Library/Frameworks/ApplicationServices.framework/Versions/A/Frameworks/HIServices.framework/Versions/A/HIServices
0x0000000002f98000 	/System/Library/Frameworks/ApplicationServices.framework/Versions/A/Frameworks/LangAnalysis.framework/Versions/A/LangAnalysis
0x0000000002f98000 	/System/Library/Frameworks/ApplicationServices.framework/Versions/A/Frameworks/PrintCore.framework/Versions/A/PrintCore
0x0000000002f98000 	/System/Library/Frameworks/ApplicationServices.framework/Versions/A/Frameworks/QD.framework/Versions/A/QD
0x0000000002f98000 	/System/Library/Frameworks/ApplicationServices.framework/Versions/A/Frameworks/SpeechSynthesis.framework/Versions/A/SpeechSynthesis
0x0000000002f98000 	/System/Library/Frameworks/IOSurface.framework/Versions/A/IOSurface
0x0000000002f98000 	/System/Library/Frameworks/Accelerate.framework/Versions/A/Accelerate
0x0000000002f98000 	/System/Library/Frameworks/ApplicationServices.framework/Versions/A/Frameworks/ImageIO.framework/Versions/A/Resources/libJPEG.dylib
0x0000000002f98000 	/System/Library/Frameworks/ApplicationServices.framework/Versions/A/Frameworks/ImageIO.framework/Versions/A/Resources/libTIFF.dylib
0x0000000002f98000 	/System/Library/Frameworks/ApplicationServices.framework/Versions/A/Frameworks/ImageIO.framework/Versions/A/Resources/libPng.dylib
0x0000000002f98000 	/System/Library/Frameworks/ApplicationServices.framework/Versions/A/Frameworks/ImageIO.framework/Versions/A/Resources/libGIF.dylib
0x0000000002f98000 	/System/Library/Frameworks/ApplicationServices.framework/Versions/A/Frameworks/ImageIO.framework/Versions/A/Resources/libJP2.dylib
0x0000000002f98000 	/System/Library/Frameworks/ApplicationServices.framework/Versions/A/Frameworks/ImageIO.framework/Versions/A/Resources/libRadiance.dylib
0x0000000002f98000 	/System/Library/Frameworks/Accelerate.framework/Versions/A/Frameworks/vImage.framework/Versions/A/vImage
0x0000000002f98000 	/System/Library/Frameworks/Accelerate.framework/Versions/A/Frameworks/vecLib.framework/Versions/A/vecLib
0x0000000002f98000 	/System/Library/Frameworks/Accelerate.framework/Versions/A/Frameworks/vecLib.framework/Versions/A/libvDSP.dylib
0x0000000002f98000 	/System/Library/Frameworks/Accelerate.framework/Versions/A/Frameworks/vecLib.framework/Versions/A/libvMisc.dylib
0x0000000002f98000 	/System/Library/Frameworks/Accelerate.framework/Versions/A/Frameworks/vecLib.framework/Versions/A/libLAPACK.dylib
0x0000000002f98000 	/System/Library/Frameworks/Accelerate.framework/Versions/A/Frameworks/vecLib.framework/Versions/A/libBLAS.dylib
0x0000000002f98000 	/System/Library/Frameworks/ApplicationServices.framework/Versions/A/Frameworks/ATS.framework/Versions/A/Resources/libFontParser.dylib
0x0000000002f98000 	/System/Library/Frameworks/ApplicationServices.framework/Versions/A/Frameworks/ATS.framework/Versions/A/Resources/libFontRegistry.dylib
0x0000000002f98000 	/usr/lib/libcups.2.dylib
0x0000000002f98000 	/System/Library/Frameworks/Kerberos.framework/Versions/A/Kerberos
0x0000000002f98000 	/System/Library/Frameworks/GSS.framework/Versions/A/GSS
0x0000000002f98000 	/usr/lib/libresolv.9.dylib
0x0000000002f98000 	/usr/lib/libiconv.2.dylib
0x0000000002f98000 	/System/Library/PrivateFrameworks/Heimdal.framework/Versions/A/Heimdal
0x0000000002f98000 	/System/Library/Frameworks/OpenDirectory.framework/Versions/A/OpenDirectory
0x0000000002f98000 	/System/Library/PrivateFrameworks/CommonAuth.framework/Versions/A/CommonAuth
0x0000000002f98000 	/System/Library/Frameworks/CoreVideo.framework/Versions/A/CoreVideo
0x0000000002f98000 	/System/Library/Frameworks/QuartzCore.framework/Versions/A/Frameworks/CoreImage.framework/Versions/A/CoreImage
0x0000000002f98000 	/System/Library/Frameworks/QuartzCore.framework/Versions/A/Frameworks/ScalableUserInterface.framework/Versions/A/ScalableUserInterface
0x0000000002f98000 	/System/Library/Frameworks/OpenGL.framework/Versions/A/Libraries/libGLU.dylib
0x0000000002f98000 	/System/Library/Frameworks/OpenGL.framework/Versions/A/Libraries/libGFXShared.dylib
0x0000000002f98000 	/System/Library/Frameworks/OpenGL.framework/Versions/A/Libraries/libGL.dylib
0x0000000002f98000 	/System/Library/Frameworks/OpenGL.framework/Versions/A/Libraries/libGLImage.dylib
0x0000000002f98000 	/System/Library/Frameworks/OpenGL.framework/Versions/A/Libraries/libCVMSPluginSupport.dylib
0x0000000002f98000 	/System/Library/Frameworks/OpenGL.framework/Versions/A/Libraries/libCoreVMClient.dylib
0x0000000002f98000 	/System/Library/Frameworks/OpenCL.framework/Versions/A/OpenCL
0x0000000002f98000 	/System/Library/PrivateFrameworks/FaceCoreLight.framework/Versions/A/FaceCoreLight
0x0000000002f98000 	/System/Library/Frameworks/vecLib.framework/Versions/A/vecLib
0x0000000002f98000 	/System/Library/Frameworks/SecurityFoundation.framework/Versions/A/SecurityFoundation
0x0000000002f98000 	/System/Library/PrivateFrameworks/CommerceKit.framework/Versions/A/Frameworks/CommerceCore.framework/Versions/A/CommerceCore
0x0000000002f98000 	/System/Library/PrivateFrameworks/CoreSymbolication.framework/Versions/A/CoreSymbolication
0x0000000002f98000 	/System/Library/PrivateFrameworks/Symbolication.framework/Versions/A/Symbolication
0x0000000002f98000 	/System/Library/PrivateFrameworks/DebugSymbols.framework/Versions/A/DebugSymbols
0x000000010ad00000 	/Library/Java/JavaVirtualMachines/jdk1.7.0_17.jdk/Contents/Home/jre/lib/server/libjvm.dylib
0x000000010abc6000 	/Library/Java/JavaVirtualMachines/jdk1.7.0_17.jdk/Contents/Home/jre/lib/libverify.dylib
0x000000010b8aa000 	/Library/Java/JavaVirtualMachines/jdk1.7.0_17.jdk/Contents/Home/jre/lib/libjava.dylib
0x000000010b8da000 	/Library/Java/JavaVirtualMachines/jdk1.7.0_17.jdk/Contents/Home/jre/lib/libjdwp.dylib
0x000000010abd4000 	/Library/Java/JavaVirtualMachines/jdk1.7.0_17.jdk/Contents/Home/jre/lib/./libnpt.dylib
0x000000010abe1000 	/Library/Java/JavaVirtualMachines/jdk1.7.0_17.jdk/Contents/Home/jre/lib/libzip.dylib
0x0000000113084000 	/System/Library/Frameworks/JavaVM.framework/Frameworks/JavaRuntimeSupport.framework/JavaRuntimeSupport
0x000000010abeb000 	/System/Library/Frameworks/JavaVM.framework/Versions/A/Frameworks/JavaNativeFoundation.framework/Versions/A/JavaNativeFoundation
0x000000011309c000 	/System/Library/Frameworks/JavaVM.framework/Versions/A/JavaVM
0x0000000002f98000 	/System/Library/Frameworks/Carbon.framework/Versions/A/Carbon
0x00000001130a9000 	/System/Library/PrivateFrameworks/JavaLaunching.framework/Versions/A/JavaLaunching
0x0000000002f98000 	/System/Library/Frameworks/Carbon.framework/Versions/A/Frameworks/CommonPanels.framework/Versions/A/CommonPanels
0x0000000002f98000 	/System/Library/Frameworks/Carbon.framework/Versions/A/Frameworks/Help.framework/Versions/A/Help
0x0000000002f98000 	/System/Library/Frameworks/Carbon.framework/Versions/A/Frameworks/ImageCapture.framework/Versions/A/ImageCapture
0x0000000002f98000 	/System/Library/Frameworks/Carbon.framework/Versions/A/Frameworks/OpenScripting.framework/Versions/A/OpenScripting
0x0000000002f98000 	/System/Library/Frameworks/Carbon.framework/Versions/A/Frameworks/Print.framework/Versions/A/Print
0x0000000002f98000 	/System/Library/Frameworks/Carbon.framework/Versions/A/Frameworks/SecurityHI.framework/Versions/A/SecurityHI
0x0000000113379000 	/Library/Java/JavaVirtualMachines/jdk1.7.0_17.jdk/Contents/Home/jre/lib/libdt_socket.dylib
0x0000000113b34000 	/Library/Java/JavaVirtualMachines/jdk1.7.0_17.jdk/Contents/Home/jre/lib/libawt.dylib
0x0000000113be3000 	/Library/Java/JavaVirtualMachines/jdk1.7.0_17.jdk/Contents/Home/jre/lib/./libmlib_image.dylib
0x0000000113caf000 	/Library/Java/JavaVirtualMachines/jdk1.7.0_17.jdk/Contents/Home/jre/lib/lwawt/liblwawt.dylib
0x0000000113d61000 	/Library/Java/JavaVirtualMachines/jdk1.7.0_17.jdk/Contents/Home/jre/lib/server/../libosxapp.dylib
0x0000000113d7d000 	/System/Library/Frameworks/ExceptionHandling.framework/Versions/A/ExceptionHandling
0x0000000002f98000 	/System/Library/PrivateFrameworks/CoreServicesInternal.framework/Versions/A/CoreServicesInternal
0x0000000002f98000 	/System/Library/Frameworks/ApplicationServices.framework/Versions/A/Frameworks/CoreGraphics.framework/Versions/A/Resources/libCSync.A.dylib
0x0000000002f98000 	/System/Library/Frameworks/ApplicationServices.framework/Versions/A/Frameworks/CoreGraphics.framework/Versions/A/Resources/libRIP.A.dylib
0x0000000002f98000 	/System/Library/Frameworks/ApplicationServices.framework/Versions/A/Frameworks/CoreGraphics.framework/Versions/A/Resources/libCGXType.A.dylib
0x0000000117672000 	/Library/Java/JavaVirtualMachines/jdk1.7.0_17.jdk/Contents/Home/jre/lib/libfontmanager.dylib
0x0000000114faf000 	/Library/Java/JavaVirtualMachines/jdk1.7.0_17.jdk/Contents/Home/jre/lib/libosxui.dylib
0x00000001178c4000 	/System/Library/Frameworks/OpenGL.framework/Resources/GLEngine.bundle/GLEngine
0x0000000117ab3000 	/System/Library/Frameworks/OpenGL.framework/Versions/A/Libraries/libGLProgrammability.dylib
0x0000000117c3f000 	/System/Library/Extensions/ATIRadeonX3000GLDriver.bundle/Contents/MacOS/ATIRadeonX3000GLDriver
0x0000000113d8b000 	/System/Library/PrivateFrameworks/GPUSupport.framework/Versions/A/Libraries/libGPUSupport.dylib
0x0000000117f4f000 	/System/Library/Extensions/AppleIntelHD3000GraphicsGLDriver.bundle/Contents/MacOS/AppleIntelHD3000GraphicsGLDriver
0x0000000113da0000 	/System/Library/Frameworks/OpenGL.framework/Resources//GLRendererFloat.bundle/GLRendererFloat
0x0000000113dd7000 	/System/Library/Frameworks/OpenCL.framework/Versions/A/Libraries/libcldcpuengine.dylib
0x0000000002f98000 	/System/Library/PrivateFrameworks/DiskImages.framework/Versions/A/DiskImages
0x0000000113de7000 	/System/Library/Frameworks/OpenGL.framework/Versions/A/Libraries/libCoreFSCache.dylib
0x0000000002f98000 	/System/Library/Frameworks/DiscRecording.framework/Versions/A/DiscRecording
0x0000000002f98000 	/usr/lib/libcurl.4.dylib
0x0000000002f98000 	/System/Library/PrivateFrameworks/MediaKit.framework/Versions/A/MediaKit
0x0000000002f98000 	/usr/lib/libssl.0.9.8.dylib
0x0000000002f98000 	/System/Library/Frameworks/LDAP.framework/Versions/A/LDAP
0x0000000002f98000 	/usr/lib/libsasl2.2.dylib

VM Arguments:
jvm_args: -agentlib:jdwp=transport=dt_socket,suspend=y,address=localhost:58525 -Xms300m -Xmx600m -Dfile.encoding=UTF-8 
java_command: idyno.Idynomics
Launcher Type: SUN_STANDARD

Environment Variables:
PATH=/usr/bin:/bin:/usr/sbin:/sbin
SHELL=/bin/bash
DISPLAY=/tmp/launch-xjx61X/org.macosforge.xquartz:0

Signal Handlers:
SIGSEGV: [libjvm.dylib+0x4a361d], sa_mask[0]=0xfffefeff, sa_flags=0x00000042
SIGBUS: [libjvm.dylib+0x4a361d], sa_mask[0]=0xfffefeff, sa_flags=0x00000042
SIGFPE: [libjvm.dylib+0x3b302d], sa_mask[0]=0xfffefeff, sa_flags=0x00000042
SIGPIPE: [libjvm.dylib+0x3b302d], sa_mask[0]=0xfffefeff, sa_flags=0x00000042
SIGXFSZ: [libjvm.dylib+0x3b302d], sa_mask[0]=0xfffefeff, sa_flags=0x00000042
SIGILL: [libjvm.dylib+0x3b302d], sa_mask[0]=0xfffefeff, sa_flags=0x00000042
SIGUSR1: SIG_DFL, sa_mask[0]=0x00000000, sa_flags=0x00000002
SIGUSR2: [libjvm.dylib+0x3b2bc6], sa_mask[0]=0x00000004, sa_flags=0x00000042
SIGHUP: [libjvm.dylib+0x3b0e27], sa_mask[0]=0xfffefeff, sa_flags=0x00000042
SIGINT: [libjvm.dylib+0x3b0e27], sa_mask[0]=0xfffefeff, sa_flags=0x00000042
SIGTERM: [libjvm.dylib+0x3b0e27], sa_mask[0]=0xfffefeff, sa_flags=0x00000042
SIGQUIT: [libjvm.dylib+0x3b0e27], sa_mask[0]=0xfffefeff, sa_flags=0x00000042


---------------  S Y S T E M  ---------------

OS:Bsduname:Darwin 11.4.2 Darwin Kernel Version 11.4.2: Thu Aug 23 16:25:48 PDT 2012; root:xnu-1699.32.7~1/RELEASE_X86_64 x86_64
rlimit: STACK 8192k, CORE 0k, NPROC 709, NOFILE 10240, AS infinity
load average:0.63 1.08 1.33

CPU:total 8 (4 cores per cpu, 2 threads per core) family 6 model 42 stepping 7, cmov, cx8, fxsr, mmx, sse, sse2, sse3, ssse3, sse4.1, sse4.2, popcnt, avx, ht, tsc, tscinvbit

Memory: 4k page, physical 8130416k(2032604k free)

/proc/meminfo:


vm_info: Java HotSpot(TM) 64-Bit Server VM (23.7-b01) for bsd-amd64 JRE (1.7.0_17-b02), built on Mar  1 2013 06:41:23 by "java_re" with gcc 4.2.1 (Based on Apple Inc. build 5658) (LLVM build 2336.11.00)

time: Tue May  7 23:36:15 2013
elapsed time: 14 seconds

